The system is: Linux - 3.10.0-957.10.1.el7.bpf.x86_64 - x86_64
Compiling the C compiler identification source file "CMakeCCompilerId.c" succeeded.
Compiler: /usr/bin/cc 
Build flags: 
Id flags:  

The output was:
0


Compilation of the C compiler identification source "CMakeCCompilerId.c" produced "a.out"

The C compiler identification is GNU, found in "/home/pingcap/wujiayu/remote/titan/cmake-build-release-idc/CMakeFiles/3.15.1/CompilerIdC/a.out"

Compiling the CXX compiler identification source file "CMakeCXXCompilerId.cpp" succeeded.
Compiler: /usr/bin/c++ 
Build flags: 
Id flags:  

The output was:
0


Compilation of the CXX compiler identification source "CMakeCXXCompilerId.cpp" produced "a.out"

The CXX compiler identification is GNU, found in "/home/pingcap/wujiayu/remote/titan/cmake-build-release-idc/CMakeFiles/3.15.1/CompilerIdCXX/a.out"

Determining if the C compiler works passed with the following output:
Change Dir: /home/pingcap/wujiayu/remote/titan/cmake-build-release-idc/CMakeFiles/CMakeTmp

Run Build Command(s):/usr/bin/gmake cmTC_f2516/fast && /usr/bin/gmake -f CMakeFiles/cmTC_f2516.dir/build.make CMakeFiles/cmTC_f2516.dir/build
gmake[1]: Entering directory `/home/pingcap/wujiayu/remote/titan/cmake-build-release-idc/CMakeFiles/CMakeTmp'
Building C object CMakeFiles/cmTC_f2516.dir/testCCompiler.c.o
/usr/bin/cc    -o CMakeFiles/cmTC_f2516.dir/testCCompiler.c.o   -c /home/pingcap/wujiayu/remote/titan/cmake-build-release-idc/CMakeFiles/CMakeTmp/testCCompiler.c
Linking C executable cmTC_f2516
/usr/local/bin/cmake -E cmake_link_script CMakeFiles/cmTC_f2516.dir/link.txt --verbose=1
/usr/bin/cc      -rdynamic CMakeFiles/cmTC_f2516.dir/testCCompiler.c.o  -o cmTC_f2516 
gmake[1]: Leaving directory `/home/pingcap/wujiayu/remote/titan/cmake-build-release-idc/CMakeFiles/CMakeTmp'



Detecting C compiler ABI info compiled with the following output:
Change Dir: /home/pingcap/wujiayu/remote/titan/cmake-build-release-idc/CMakeFiles/CMakeTmp

Run Build Command(s):/usr/bin/gmake cmTC_9726c/fast && /usr/bin/gmake -f CMakeFiles/cmTC_9726c.dir/build.make CMakeFiles/cmTC_9726c.dir/build
gmake[1]: Entering directory `/home/pingcap/wujiayu/remote/titan/cmake-build-release-idc/CMakeFiles/CMakeTmp'
Building C object CMakeFiles/cmTC_9726c.dir/CMakeCCompilerABI.c.o
/usr/bin/cc   -v -o CMakeFiles/cmTC_9726c.dir/CMakeCCompilerABI.c.o   -c /usr/local/share/cmake-3.15/Modules/CMakeCCompilerABI.c
Using built-in specs.
COLLECT_GCC=/usr/bin/cc
Target: x86_64-redhat-linux
Configured with: ../configure --prefix=/usr --mandir=/usr/share/man --infodir=/usr/share/info --with-bugurl=http://bugzilla.redhat.com/bugzilla --enable-bootstrap --enable-shared --enable-threads=posix --enable-checking=release --with-system-zlib --enable-__cxa_atexit --disable-libunwind-exceptions --enable-gnu-unique-object --enable-linker-build-id --with-linker-hash-style=gnu --enable-languages=c,c++,objc,obj-c++,java,fortran,ada,go,lto --enable-plugin --enable-initfini-array --disable-libgcj --with-isl=/builddir/build/BUILD/gcc-4.8.5-20150702/obj-x86_64-redhat-linux/isl-install --with-cloog=/builddir/build/BUILD/gcc-4.8.5-20150702/obj-x86_64-redhat-linux/cloog-install --enable-gnu-indirect-function --with-tune=generic --with-arch_32=x86-64 --build=x86_64-redhat-linux
Thread model: posix
gcc version 4.8.5 20150623 (Red Hat 4.8.5-36) (GCC) 
COLLECT_GCC_OPTIONS='-v' '-o' 'CMakeFiles/cmTC_9726c.dir/CMakeCCompilerABI.c.o' '-c' '-mtune=generic' '-march=x86-64'
 /usr/libexec/gcc/x86_64-redhat-linux/4.8.5/cc1 -quiet -v /usr/local/share/cmake-3.15/Modules/CMakeCCompilerABI.c -quiet -dumpbase CMakeCCompilerABI.c -mtune=generic -march=x86-64 -auxbase-strip CMakeFiles/cmTC_9726c.dir/CMakeCCompilerABI.c.o -version -o /tmp/cccxpa3M.s
GNU C (GCC) version 4.8.5 20150623 (Red Hat 4.8.5-36) (x86_64-redhat-linux)
	compiled by GNU C version 4.8.5 20150623 (Red Hat 4.8.5-36), GMP version 6.0.0, MPFR version 3.1.1, MPC version 1.0.1
GGC heuristics: --param ggc-min-expand=100 --param ggc-min-heapsize=131072
ignoring nonexistent directory "/usr/lib/gcc/x86_64-redhat-linux/4.8.5/include-fixed"
ignoring nonexistent directory "/usr/lib/gcc/x86_64-redhat-linux/4.8.5/../../../../x86_64-redhat-linux/include"
#include "..." search starts here:
#include <...> search starts here:
 /usr/lib/gcc/x86_64-redhat-linux/4.8.5/include
 /usr/local/include
 /usr/include
End of search list.
GNU C (GCC) version 4.8.5 20150623 (Red Hat 4.8.5-36) (x86_64-redhat-linux)
	compiled by GNU C version 4.8.5 20150623 (Red Hat 4.8.5-36), GMP version 6.0.0, MPFR version 3.1.1, MPC version 1.0.1
GGC heuristics: --param ggc-min-expand=100 --param ggc-min-heapsize=131072
Compiler executable checksum: c0b461ba69dba093bfc939a7fa8b7724
COLLECT_GCC_OPTIONS='-v' '-o' 'CMakeFiles/cmTC_9726c.dir/CMakeCCompilerABI.c.o' '-c' '-mtune=generic' '-march=x86-64'
 as -v --64 -o CMakeFiles/cmTC_9726c.dir/CMakeCCompilerABI.c.o /tmp/cccxpa3M.s
GNU assembler version 2.27 (x86_64-redhat-linux) using BFD version version 2.27-34.base.el7
COMPILER_PATH=/usr/libexec/gcc/x86_64-redhat-linux/4.8.5/:/usr/libexec/gcc/x86_64-redhat-linux/4.8.5/:/usr/libexec/gcc/x86_64-redhat-linux/:/usr/lib/gcc/x86_64-redhat-linux/4.8.5/:/usr/lib/gcc/x86_64-redhat-linux/
LIBRARY_PATH=/usr/lib/gcc/x86_64-redhat-linux/4.8.5/:/usr/lib/gcc/x86_64-redhat-linux/4.8.5/../../../../lib64/:/lib/../lib64/:/usr/lib/../lib64/:/usr/lib/gcc/x86_64-redhat-linux/4.8.5/../../../:/lib/:/usr/lib/
COLLECT_GCC_OPTIONS='-v' '-o' 'CMakeFiles/cmTC_9726c.dir/CMakeCCompilerABI.c.o' '-c' '-mtune=generic' '-march=x86-64'
Linking C executable cmTC_9726c
/usr/local/bin/cmake -E cmake_link_script CMakeFiles/cmTC_9726c.dir/link.txt --verbose=1
/usr/bin/cc     -v -rdynamic CMakeFiles/cmTC_9726c.dir/CMakeCCompilerABI.c.o  -o cmTC_9726c 
Using built-in specs.
COLLECT_GCC=/usr/bin/cc
COLLECT_LTO_WRAPPER=/usr/libexec/gcc/x86_64-redhat-linux/4.8.5/lto-wrapper
Target: x86_64-redhat-linux
Configured with: ../configure --prefix=/usr --mandir=/usr/share/man --infodir=/usr/share/info --with-bugurl=http://bugzilla.redhat.com/bugzilla --enable-bootstrap --enable-shared --enable-threads=posix --enable-checking=release --with-system-zlib --enable-__cxa_atexit --disable-libunwind-exceptions --enable-gnu-unique-object --enable-linker-build-id --with-linker-hash-style=gnu --enable-languages=c,c++,objc,obj-c++,java,fortran,ada,go,lto --enable-plugin --enable-initfini-array --disable-libgcj --with-isl=/builddir/build/BUILD/gcc-4.8.5-20150702/obj-x86_64-redhat-linux/isl-install --with-cloog=/builddir/build/BUILD/gcc-4.8.5-20150702/obj-x86_64-redhat-linux/cloog-install --enable-gnu-indirect-function --with-tune=generic --with-arch_32=x86-64 --build=x86_64-redhat-linux
Thread model: posix
gcc version 4.8.5 20150623 (Red Hat 4.8.5-36) (GCC) 
COMPILER_PATH=/usr/libexec/gcc/x86_64-redhat-linux/4.8.5/:/usr/libexec/gcc/x86_64-redhat-linux/4.8.5/:/usr/libexec/gcc/x86_64-redhat-linux/:/usr/lib/gcc/x86_64-redhat-linux/4.8.5/:/usr/lib/gcc/x86_64-redhat-linux/
LIBRARY_PATH=/usr/lib/gcc/x86_64-redhat-linux/4.8.5/:/usr/lib/gcc/x86_64-redhat-linux/4.8.5/../../../../lib64/:/lib/../lib64/:/usr/lib/../lib64/:/usr/lib/gcc/x86_64-redhat-linux/4.8.5/../../../:/lib/:/usr/lib/
COLLECT_GCC_OPTIONS='-v' '-rdynamic' '-o' 'cmTC_9726c' '-mtune=generic' '-march=x86-64'
 /usr/libexec/gcc/x86_64-redhat-linux/4.8.5/collect2 --build-id --no-add-needed --eh-frame-hdr --hash-style=gnu -m elf_x86_64 -export-dynamic -dynamic-linker /lib64/ld-linux-x86-64.so.2 -o cmTC_9726c /usr/lib/gcc/x86_64-redhat-linux/4.8.5/../../../../lib64/crt1.o /usr/lib/gcc/x86_64-redhat-linux/4.8.5/../../../../lib64/crti.o /usr/lib/gcc/x86_64-redhat-linux/4.8.5/crtbegin.o -L/usr/lib/gcc/x86_64-redhat-linux/4.8.5 -L/usr/lib/gcc/x86_64-redhat-linux/4.8.5/../../../../lib64 -L/lib/../lib64 -L/usr/lib/../lib64 -L/usr/lib/gcc/x86_64-redhat-linux/4.8.5/../../.. CMakeFiles/cmTC_9726c.dir/CMakeCCompilerABI.c.o -lgcc --as-needed -lgcc_s --no-as-needed -lc -lgcc --as-needed -lgcc_s --no-as-needed /usr/lib/gcc/x86_64-redhat-linux/4.8.5/crtend.o /usr/lib/gcc/x86_64-redhat-linux/4.8.5/../../../../lib64/crtn.o
gmake[1]: Leaving directory `/home/pingcap/wujiayu/remote/titan/cmake-build-release-idc/CMakeFiles/CMakeTmp'



Parsed C implicit include dir info from above output: rv=done
  found start of include info
  found start of implicit include info
    add: [/usr/lib/gcc/x86_64-redhat-linux/4.8.5/include]
    add: [/usr/local/include]
    add: [/usr/include]
  end of search list found
  collapse include dir [/usr/lib/gcc/x86_64-redhat-linux/4.8.5/include] ==> [/usr/lib/gcc/x86_64-redhat-linux/4.8.5/include]
  collapse include dir [/usr/local/include] ==> [/usr/local/include]
  collapse include dir [/usr/include] ==> [/usr/include]
  implicit include dirs: [/usr/lib/gcc/x86_64-redhat-linux/4.8.5/include;/usr/local/include;/usr/include]


Parsed C implicit link information from above output:
  link line regex: [^( *|.*[/\])(ld|CMAKE_LINK_STARTFILE-NOTFOUND|([^/\]+-)?ld|collect2)[^/\]*( |$)]
  ignore line: [Change Dir: /home/pingcap/wujiayu/remote/titan/cmake-build-release-idc/CMakeFiles/CMakeTmp]
  ignore line: []
  ignore line: [Run Build Command(s):/usr/bin/gmake cmTC_9726c/fast && /usr/bin/gmake -f CMakeFiles/cmTC_9726c.dir/build.make CMakeFiles/cmTC_9726c.dir/build]
  ignore line: [gmake[1]: Entering directory `/home/pingcap/wujiayu/remote/titan/cmake-build-release-idc/CMakeFiles/CMakeTmp']
  ignore line: [Building C object CMakeFiles/cmTC_9726c.dir/CMakeCCompilerABI.c.o]
  ignore line: [/usr/bin/cc   -v -o CMakeFiles/cmTC_9726c.dir/CMakeCCompilerABI.c.o   -c /usr/local/share/cmake-3.15/Modules/CMakeCCompilerABI.c]
  ignore line: [Using built-in specs.]
  ignore line: [COLLECT_GCC=/usr/bin/cc]
  ignore line: [Target: x86_64-redhat-linux]
  ignore line: [Configured with: ../configure --prefix=/usr --mandir=/usr/share/man --infodir=/usr/share/info --with-bugurl=http://bugzilla.redhat.com/bugzilla --enable-bootstrap --enable-shared --enable-threads=posix --enable-checking=release --with-system-zlib --enable-__cxa_atexit --disable-libunwind-exceptions --enable-gnu-unique-object --enable-linker-build-id --with-linker-hash-style=gnu --enable-languages=c,c++,objc,obj-c++,java,fortran,ada,go,lto --enable-plugin --enable-initfini-array --disable-libgcj --with-isl=/builddir/build/BUILD/gcc-4.8.5-20150702/obj-x86_64-redhat-linux/isl-install --with-cloog=/builddir/build/BUILD/gcc-4.8.5-20150702/obj-x86_64-redhat-linux/cloog-install --enable-gnu-indirect-function --with-tune=generic --with-arch_32=x86-64 --build=x86_64-redhat-linux]
  ignore line: [Thread model: posix]
  ignore line: [gcc version 4.8.5 20150623 (Red Hat 4.8.5-36) (GCC) ]
  ignore line: [COLLECT_GCC_OPTIONS='-v' '-o' 'CMakeFiles/cmTC_9726c.dir/CMakeCCompilerABI.c.o' '-c' '-mtune=generic' '-march=x86-64']
  ignore line: [ /usr/libexec/gcc/x86_64-redhat-linux/4.8.5/cc1 -quiet -v /usr/local/share/cmake-3.15/Modules/CMakeCCompilerABI.c -quiet -dumpbase CMakeCCompilerABI.c -mtune=generic -march=x86-64 -auxbase-strip CMakeFiles/cmTC_9726c.dir/CMakeCCompilerABI.c.o -version -o /tmp/cccxpa3M.s]
  ignore line: [GNU C (GCC) version 4.8.5 20150623 (Red Hat 4.8.5-36) (x86_64-redhat-linux)]
  ignore line: [	compiled by GNU C version 4.8.5 20150623 (Red Hat 4.8.5-36), GMP version 6.0.0, MPFR version 3.1.1, MPC version 1.0.1]
  ignore line: [GGC heuristics: --param ggc-min-expand=100 --param ggc-min-heapsize=131072]
  ignore line: [ignoring nonexistent directory "/usr/lib/gcc/x86_64-redhat-linux/4.8.5/include-fixed"]
  ignore line: [ignoring nonexistent directory "/usr/lib/gcc/x86_64-redhat-linux/4.8.5/../../../../x86_64-redhat-linux/include"]
  ignore line: [#include "..." search starts here:]
  ignore line: [#include <...> search starts here:]
  ignore line: [ /usr/lib/gcc/x86_64-redhat-linux/4.8.5/include]
  ignore line: [ /usr/local/include]
  ignore line: [ /usr/include]
  ignore line: [End of search list.]
  ignore line: [GNU C (GCC) version 4.8.5 20150623 (Red Hat 4.8.5-36) (x86_64-redhat-linux)]
  ignore line: [	compiled by GNU C version 4.8.5 20150623 (Red Hat 4.8.5-36), GMP version 6.0.0, MPFR version 3.1.1, MPC version 1.0.1]
  ignore line: [GGC heuristics: --param ggc-min-expand=100 --param ggc-min-heapsize=131072]
  ignore line: [Compiler executable checksum: c0b461ba69dba093bfc939a7fa8b7724]
  ignore line: [COLLECT_GCC_OPTIONS='-v' '-o' 'CMakeFiles/cmTC_9726c.dir/CMakeCCompilerABI.c.o' '-c' '-mtune=generic' '-march=x86-64']
  ignore line: [ as -v --64 -o CMakeFiles/cmTC_9726c.dir/CMakeCCompilerABI.c.o /tmp/cccxpa3M.s]
  ignore line: [GNU assembler version 2.27 (x86_64-redhat-linux) using BFD version version 2.27-34.base.el7]
  ignore line: [COMPILER_PATH=/usr/libexec/gcc/x86_64-redhat-linux/4.8.5/:/usr/libexec/gcc/x86_64-redhat-linux/4.8.5/:/usr/libexec/gcc/x86_64-redhat-linux/:/usr/lib/gcc/x86_64-redhat-linux/4.8.5/:/usr/lib/gcc/x86_64-redhat-linux/]
  ignore line: [LIBRARY_PATH=/usr/lib/gcc/x86_64-redhat-linux/4.8.5/:/usr/lib/gcc/x86_64-redhat-linux/4.8.5/../../../../lib64/:/lib/../lib64/:/usr/lib/../lib64/:/usr/lib/gcc/x86_64-redhat-linux/4.8.5/../../../:/lib/:/usr/lib/]
  ignore line: [COLLECT_GCC_OPTIONS='-v' '-o' 'CMakeFiles/cmTC_9726c.dir/CMakeCCompilerABI.c.o' '-c' '-mtune=generic' '-march=x86-64']
  ignore line: [Linking C executable cmTC_9726c]
  ignore line: [/usr/local/bin/cmake -E cmake_link_script CMakeFiles/cmTC_9726c.dir/link.txt --verbose=1]
  ignore line: [/usr/bin/cc     -v -rdynamic CMakeFiles/cmTC_9726c.dir/CMakeCCompilerABI.c.o  -o cmTC_9726c ]
  ignore line: [Using built-in specs.]
  ignore line: [COLLECT_GCC=/usr/bin/cc]
  ignore line: [COLLECT_LTO_WRAPPER=/usr/libexec/gcc/x86_64-redhat-linux/4.8.5/lto-wrapper]
  ignore line: [Target: x86_64-redhat-linux]
  ignore line: [Configured with: ../configure --prefix=/usr --mandir=/usr/share/man --infodir=/usr/share/info --with-bugurl=http://bugzilla.redhat.com/bugzilla --enable-bootstrap --enable-shared --enable-threads=posix --enable-checking=release --with-system-zlib --enable-__cxa_atexit --disable-libunwind-exceptions --enable-gnu-unique-object --enable-linker-build-id --with-linker-hash-style=gnu --enable-languages=c,c++,objc,obj-c++,java,fortran,ada,go,lto --enable-plugin --enable-initfini-array --disable-libgcj --with-isl=/builddir/build/BUILD/gcc-4.8.5-20150702/obj-x86_64-redhat-linux/isl-install --with-cloog=/builddir/build/BUILD/gcc-4.8.5-20150702/obj-x86_64-redhat-linux/cloog-install --enable-gnu-indirect-function --with-tune=generic --with-arch_32=x86-64 --build=x86_64-redhat-linux]
  ignore line: [Thread model: posix]
  ignore line: [gcc version 4.8.5 20150623 (Red Hat 4.8.5-36) (GCC) ]
  ignore line: [COMPILER_PATH=/usr/libexec/gcc/x86_64-redhat-linux/4.8.5/:/usr/libexec/gcc/x86_64-redhat-linux/4.8.5/:/usr/libexec/gcc/x86_64-redhat-linux/:/usr/lib/gcc/x86_64-redhat-linux/4.8.5/:/usr/lib/gcc/x86_64-redhat-linux/]
  ignore line: [LIBRARY_PATH=/usr/lib/gcc/x86_64-redhat-linux/4.8.5/:/usr/lib/gcc/x86_64-redhat-linux/4.8.5/../../../../lib64/:/lib/../lib64/:/usr/lib/../lib64/:/usr/lib/gcc/x86_64-redhat-linux/4.8.5/../../../:/lib/:/usr/lib/]
  ignore line: [COLLECT_GCC_OPTIONS='-v' '-rdynamic' '-o' 'cmTC_9726c' '-mtune=generic' '-march=x86-64']
  link line: [ /usr/libexec/gcc/x86_64-redhat-linux/4.8.5/collect2 --build-id --no-add-needed --eh-frame-hdr --hash-style=gnu -m elf_x86_64 -export-dynamic -dynamic-linker /lib64/ld-linux-x86-64.so.2 -o cmTC_9726c /usr/lib/gcc/x86_64-redhat-linux/4.8.5/../../../../lib64/crt1.o /usr/lib/gcc/x86_64-redhat-linux/4.8.5/../../../../lib64/crti.o /usr/lib/gcc/x86_64-redhat-linux/4.8.5/crtbegin.o -L/usr/lib/gcc/x86_64-redhat-linux/4.8.5 -L/usr/lib/gcc/x86_64-redhat-linux/4.8.5/../../../../lib64 -L/lib/../lib64 -L/usr/lib/../lib64 -L/usr/lib/gcc/x86_64-redhat-linux/4.8.5/../../.. CMakeFiles/cmTC_9726c.dir/CMakeCCompilerABI.c.o -lgcc --as-needed -lgcc_s --no-as-needed -lc -lgcc --as-needed -lgcc_s --no-as-needed /usr/lib/gcc/x86_64-redhat-linux/4.8.5/crtend.o /usr/lib/gcc/x86_64-redhat-linux/4.8.5/../../../../lib64/crtn.o]
    arg [/usr/libexec/gcc/x86_64-redhat-linux/4.8.5/collect2] ==> ignore
    arg [--build-id] ==> ignore
    arg [--no-add-needed] ==> ignore
    arg [--eh-frame-hdr] ==> ignore
    arg [--hash-style=gnu] ==> ignore
    arg [-m] ==> ignore
    arg [elf_x86_64] ==> ignore
    arg [-export-dynamic] ==> ignore
    arg [-dynamic-linker] ==> ignore
    arg [/lib64/ld-linux-x86-64.so.2] ==> ignore
    arg [-o] ==> ignore
    arg [cmTC_9726c] ==> ignore
    arg [/usr/lib/gcc/x86_64-redhat-linux/4.8.5/../../../../lib64/crt1.o] ==> ignore
    arg [/usr/lib/gcc/x86_64-redhat-linux/4.8.5/../../../../lib64/crti.o] ==> ignore
    arg [/usr/lib/gcc/x86_64-redhat-linux/4.8.5/crtbegin.o] ==> ignore
    arg [-L/usr/lib/gcc/x86_64-redhat-linux/4.8.5] ==> dir [/usr/lib/gcc/x86_64-redhat-linux/4.8.5]
    arg [-L/usr/lib/gcc/x86_64-redhat-linux/4.8.5/../../../../lib64] ==> dir [/usr/lib/gcc/x86_64-redhat-linux/4.8.5/../../../../lib64]
    arg [-L/lib/../lib64] ==> dir [/lib/../lib64]
    arg [-L/usr/lib/../lib64] ==> dir [/usr/lib/../lib64]
    arg [-L/usr/lib/gcc/x86_64-redhat-linux/4.8.5/../../..] ==> dir [/usr/lib/gcc/x86_64-redhat-linux/4.8.5/../../..]
    arg [CMakeFiles/cmTC_9726c.dir/CMakeCCompilerABI.c.o] ==> ignore
    arg [-lgcc] ==> lib [gcc]
    arg [--as-needed] ==> ignore
    arg [-lgcc_s] ==> lib [gcc_s]
    arg [--no-as-needed] ==> ignore
    arg [-lc] ==> lib [c]
    arg [-lgcc] ==> lib [gcc]
    arg [--as-needed] ==> ignore
    arg [-lgcc_s] ==> lib [gcc_s]
    arg [--no-as-needed] ==> ignore
    arg [/usr/lib/gcc/x86_64-redhat-linux/4.8.5/crtend.o] ==> ignore
    arg [/usr/lib/gcc/x86_64-redhat-linux/4.8.5/../../../../lib64/crtn.o] ==> ignore
  collapse library dir [/usr/lib/gcc/x86_64-redhat-linux/4.8.5] ==> [/usr/lib/gcc/x86_64-redhat-linux/4.8.5]
  collapse library dir [/usr/lib/gcc/x86_64-redhat-linux/4.8.5/../../../../lib64] ==> [/usr/lib64]
  collapse library dir [/lib/../lib64] ==> [/lib64]
  collapse library dir [/usr/lib/../lib64] ==> [/usr/lib64]
  collapse library dir [/usr/lib/gcc/x86_64-redhat-linux/4.8.5/../../..] ==> [/usr/lib]
  implicit libs: [gcc;gcc_s;c;gcc;gcc_s]
  implicit dirs: [/usr/lib/gcc/x86_64-redhat-linux/4.8.5;/usr/lib64;/lib64;/usr/lib]
  implicit fwks: []


Determining if the CXX compiler works passed with the following output:
Change Dir: /home/pingcap/wujiayu/remote/titan/cmake-build-release-idc/CMakeFiles/CMakeTmp

Run Build Command(s):/usr/bin/gmake cmTC_135ad/fast && /usr/bin/gmake -f CMakeFiles/cmTC_135ad.dir/build.make CMakeFiles/cmTC_135ad.dir/build
gmake[1]: Entering directory `/home/pingcap/wujiayu/remote/titan/cmake-build-release-idc/CMakeFiles/CMakeTmp'
Building CXX object CMakeFiles/cmTC_135ad.dir/testCXXCompiler.cxx.o
/usr/bin/c++     -o CMakeFiles/cmTC_135ad.dir/testCXXCompiler.cxx.o -c /home/pingcap/wujiayu/remote/titan/cmake-build-release-idc/CMakeFiles/CMakeTmp/testCXXCompiler.cxx
Linking CXX executable cmTC_135ad
/usr/local/bin/cmake -E cmake_link_script CMakeFiles/cmTC_135ad.dir/link.txt --verbose=1
/usr/bin/c++       -rdynamic CMakeFiles/cmTC_135ad.dir/testCXXCompiler.cxx.o  -o cmTC_135ad 
gmake[1]: Leaving directory `/home/pingcap/wujiayu/remote/titan/cmake-build-release-idc/CMakeFiles/CMakeTmp'



Detecting CXX compiler ABI info compiled with the following output:
Change Dir: /home/pingcap/wujiayu/remote/titan/cmake-build-release-idc/CMakeFiles/CMakeTmp

Run Build Command(s):/usr/bin/gmake cmTC_2a7be/fast && /usr/bin/gmake -f CMakeFiles/cmTC_2a7be.dir/build.make CMakeFiles/cmTC_2a7be.dir/build
gmake[1]: Entering directory `/home/pingcap/wujiayu/remote/titan/cmake-build-release-idc/CMakeFiles/CMakeTmp'
Building CXX object CMakeFiles/cmTC_2a7be.dir/CMakeCXXCompilerABI.cpp.o
/usr/bin/c++    -v -o CMakeFiles/cmTC_2a7be.dir/CMakeCXXCompilerABI.cpp.o -c /usr/local/share/cmake-3.15/Modules/CMakeCXXCompilerABI.cpp
Using built-in specs.
COLLECT_GCC=/usr/bin/c++
Target: x86_64-redhat-linux
Configured with: ../configure --prefix=/usr --mandir=/usr/share/man --infodir=/usr/share/info --with-bugurl=http://bugzilla.redhat.com/bugzilla --enable-bootstrap --enable-shared --enable-threads=posix --enable-checking=release --with-system-zlib --enable-__cxa_atexit --disable-libunwind-exceptions --enable-gnu-unique-object --enable-linker-build-id --with-linker-hash-style=gnu --enable-languages=c,c++,objc,obj-c++,java,fortran,ada,go,lto --enable-plugin --enable-initfini-array --disable-libgcj --with-isl=/builddir/build/BUILD/gcc-4.8.5-20150702/obj-x86_64-redhat-linux/isl-install --with-cloog=/builddir/build/BUILD/gcc-4.8.5-20150702/obj-x86_64-redhat-linux/cloog-install --enable-gnu-indirect-function --with-tune=generic --with-arch_32=x86-64 --build=x86_64-redhat-linux
Thread model: posix
gcc version 4.8.5 20150623 (Red Hat 4.8.5-36) (GCC) 
COLLECT_GCC_OPTIONS='-v' '-o' 'CMakeFiles/cmTC_2a7be.dir/CMakeCXXCompilerABI.cpp.o' '-c' '-shared-libgcc' '-mtune=generic' '-march=x86-64'
 /usr/libexec/gcc/x86_64-redhat-linux/4.8.5/cc1plus -quiet -v -D_GNU_SOURCE /usr/local/share/cmake-3.15/Modules/CMakeCXXCompilerABI.cpp -quiet -dumpbase CMakeCXXCompilerABI.cpp -mtune=generic -march=x86-64 -auxbase-strip CMakeFiles/cmTC_2a7be.dir/CMakeCXXCompilerABI.cpp.o -version -o /tmp/ccJpz7r3.s
GNU C++ (GCC) version 4.8.5 20150623 (Red Hat 4.8.5-36) (x86_64-redhat-linux)
	compiled by GNU C version 4.8.5 20150623 (Red Hat 4.8.5-36), GMP version 6.0.0, MPFR version 3.1.1, MPC version 1.0.1
GGC heuristics: --param ggc-min-expand=100 --param ggc-min-heapsize=131072
ignoring nonexistent directory "/usr/lib/gcc/x86_64-redhat-linux/4.8.5/include-fixed"
ignoring nonexistent directory "/usr/lib/gcc/x86_64-redhat-linux/4.8.5/../../../../x86_64-redhat-linux/include"
#include "..." search starts here:
#include <...> search starts here:
 /usr/lib/gcc/x86_64-redhat-linux/4.8.5/../../../../include/c++/4.8.5
 /usr/lib/gcc/x86_64-redhat-linux/4.8.5/../../../../include/c++/4.8.5/x86_64-redhat-linux
 /usr/lib/gcc/x86_64-redhat-linux/4.8.5/../../../../include/c++/4.8.5/backward
 /usr/lib/gcc/x86_64-redhat-linux/4.8.5/include
 /usr/local/include
 /usr/include
End of search list.
GNU C++ (GCC) version 4.8.5 20150623 (Red Hat 4.8.5-36) (x86_64-redhat-linux)
	compiled by GNU C version 4.8.5 20150623 (Red Hat 4.8.5-36), GMP version 6.0.0, MPFR version 3.1.1, MPC version 1.0.1
GGC heuristics: --param ggc-min-expand=100 --param ggc-min-heapsize=131072
Compiler executable checksum: 716696aeb8e1265fe923bf392b1dfb5e
COLLECT_GCC_OPTIONS='-v' '-o' 'CMakeFiles/cmTC_2a7be.dir/CMakeCXXCompilerABI.cpp.o' '-c' '-shared-libgcc' '-mtune=generic' '-march=x86-64'
 as -v --64 -o CMakeFiles/cmTC_2a7be.dir/CMakeCXXCompilerABI.cpp.o /tmp/ccJpz7r3.s
GNU assembler version 2.27 (x86_64-redhat-linux) using BFD version version 2.27-34.base.el7
COMPILER_PATH=/usr/libexec/gcc/x86_64-redhat-linux/4.8.5/:/usr/libexec/gcc/x86_64-redhat-linux/4.8.5/:/usr/libexec/gcc/x86_64-redhat-linux/:/usr/lib/gcc/x86_64-redhat-linux/4.8.5/:/usr/lib/gcc/x86_64-redhat-linux/
LIBRARY_PATH=/usr/lib/gcc/x86_64-redhat-linux/4.8.5/:/usr/lib/gcc/x86_64-redhat-linux/4.8.5/../../../../lib64/:/lib/../lib64/:/usr/lib/../lib64/:/usr/lib/gcc/x86_64-redhat-linux/4.8.5/../../../:/lib/:/usr/lib/
COLLECT_GCC_OPTIONS='-v' '-o' 'CMakeFiles/cmTC_2a7be.dir/CMakeCXXCompilerABI.cpp.o' '-c' '-shared-libgcc' '-mtune=generic' '-march=x86-64'
Linking CXX executable cmTC_2a7be
/usr/local/bin/cmake -E cmake_link_script CMakeFiles/cmTC_2a7be.dir/link.txt --verbose=1
/usr/bin/c++      -v -rdynamic CMakeFiles/cmTC_2a7be.dir/CMakeCXXCompilerABI.cpp.o  -o cmTC_2a7be 
Using built-in specs.
COLLECT_GCC=/usr/bin/c++
COLLECT_LTO_WRAPPER=/usr/libexec/gcc/x86_64-redhat-linux/4.8.5/lto-wrapper
Target: x86_64-redhat-linux
Configured with: ../configure --prefix=/usr --mandir=/usr/share/man --infodir=/usr/share/info --with-bugurl=http://bugzilla.redhat.com/bugzilla --enable-bootstrap --enable-shared --enable-threads=posix --enable-checking=release --with-system-zlib --enable-__cxa_atexit --disable-libunwind-exceptions --enable-gnu-unique-object --enable-linker-build-id --with-linker-hash-style=gnu --enable-languages=c,c++,objc,obj-c++,java,fortran,ada,go,lto --enable-plugin --enable-initfini-array --disable-libgcj --with-isl=/builddir/build/BUILD/gcc-4.8.5-20150702/obj-x86_64-redhat-linux/isl-install --with-cloog=/builddir/build/BUILD/gcc-4.8.5-20150702/obj-x86_64-redhat-linux/cloog-install --enable-gnu-indirect-function --with-tune=generic --with-arch_32=x86-64 --build=x86_64-redhat-linux
Thread model: posix
gcc version 4.8.5 20150623 (Red Hat 4.8.5-36) (GCC) 
COMPILER_PATH=/usr/libexec/gcc/x86_64-redhat-linux/4.8.5/:/usr/libexec/gcc/x86_64-redhat-linux/4.8.5/:/usr/libexec/gcc/x86_64-redhat-linux/:/usr/lib/gcc/x86_64-redhat-linux/4.8.5/:/usr/lib/gcc/x86_64-redhat-linux/
LIBRARY_PATH=/usr/lib/gcc/x86_64-redhat-linux/4.8.5/:/usr/lib/gcc/x86_64-redhat-linux/4.8.5/../../../../lib64/:/lib/../lib64/:/usr/lib/../lib64/:/usr/lib/gcc/x86_64-redhat-linux/4.8.5/../../../:/lib/:/usr/lib/
COLLECT_GCC_OPTIONS='-v' '-rdynamic' '-o' 'cmTC_2a7be' '-shared-libgcc' '-mtune=generic' '-march=x86-64'
 /usr/libexec/gcc/x86_64-redhat-linux/4.8.5/collect2 --build-id --no-add-needed --eh-frame-hdr --hash-style=gnu -m elf_x86_64 -export-dynamic -dynamic-linker /lib64/ld-linux-x86-64.so.2 -o cmTC_2a7be /usr/lib/gcc/x86_64-redhat-linux/4.8.5/../../../../lib64/crt1.o /usr/lib/gcc/x86_64-redhat-linux/4.8.5/../../../../lib64/crti.o /usr/lib/gcc/x86_64-redhat-linux/4.8.5/crtbegin.o -L/usr/lib/gcc/x86_64-redhat-linux/4.8.5 -L/usr/lib/gcc/x86_64-redhat-linux/4.8.5/../../../../lib64 -L/lib/../lib64 -L/usr/lib/../lib64 -L/usr/lib/gcc/x86_64-redhat-linux/4.8.5/../../.. CMakeFiles/cmTC_2a7be.dir/CMakeCXXCompilerABI.cpp.o -lstdc++ -lm -lgcc_s -lgcc -lc -lgcc_s -lgcc /usr/lib/gcc/x86_64-redhat-linux/4.8.5/crtend.o /usr/lib/gcc/x86_64-redhat-linux/4.8.5/../../../../lib64/crtn.o
gmake[1]: Leaving directory `/home/pingcap/wujiayu/remote/titan/cmake-build-release-idc/CMakeFiles/CMakeTmp'



Parsed CXX implicit include dir info from above output: rv=done
  found start of include info
  found start of implicit include info
    add: [/usr/lib/gcc/x86_64-redhat-linux/4.8.5/../../../../include/c++/4.8.5]
    add: [/usr/lib/gcc/x86_64-redhat-linux/4.8.5/../../../../include/c++/4.8.5/x86_64-redhat-linux]
    add: [/usr/lib/gcc/x86_64-redhat-linux/4.8.5/../../../../include/c++/4.8.5/backward]
    add: [/usr/lib/gcc/x86_64-redhat-linux/4.8.5/include]
    add: [/usr/local/include]
    add: [/usr/include]
  end of search list found
  collapse include dir [/usr/lib/gcc/x86_64-redhat-linux/4.8.5/../../../../include/c++/4.8.5] ==> [/usr/include/c++/4.8.5]
  collapse include dir [/usr/lib/gcc/x86_64-redhat-linux/4.8.5/../../../../include/c++/4.8.5/x86_64-redhat-linux] ==> [/usr/include/c++/4.8.5/x86_64-redhat-linux]
  collapse include dir [/usr/lib/gcc/x86_64-redhat-linux/4.8.5/../../../../include/c++/4.8.5/backward] ==> [/usr/include/c++/4.8.5/backward]
  collapse include dir [/usr/lib/gcc/x86_64-redhat-linux/4.8.5/include] ==> [/usr/lib/gcc/x86_64-redhat-linux/4.8.5/include]
  collapse include dir [/usr/local/include] ==> [/usr/local/include]
  collapse include dir [/usr/include] ==> [/usr/include]
  implicit include dirs: [/usr/include/c++/4.8.5;/usr/include/c++/4.8.5/x86_64-redhat-linux;/usr/include/c++/4.8.5/backward;/usr/lib/gcc/x86_64-redhat-linux/4.8.5/include;/usr/local/include;/usr/include]


Parsed CXX implicit link information from above output:
  link line regex: [^( *|.*[/\])(ld|CMAKE_LINK_STARTFILE-NOTFOUND|([^/\]+-)?ld|collect2)[^/\]*( |$)]
  ignore line: [Change Dir: /home/pingcap/wujiayu/remote/titan/cmake-build-release-idc/CMakeFiles/CMakeTmp]
  ignore line: []
  ignore line: [Run Build Command(s):/usr/bin/gmake cmTC_2a7be/fast && /usr/bin/gmake -f CMakeFiles/cmTC_2a7be.dir/build.make CMakeFiles/cmTC_2a7be.dir/build]
  ignore line: [gmake[1]: Entering directory `/home/pingcap/wujiayu/remote/titan/cmake-build-release-idc/CMakeFiles/CMakeTmp']
  ignore line: [Building CXX object CMakeFiles/cmTC_2a7be.dir/CMakeCXXCompilerABI.cpp.o]
  ignore line: [/usr/bin/c++    -v -o CMakeFiles/cmTC_2a7be.dir/CMakeCXXCompilerABI.cpp.o -c /usr/local/share/cmake-3.15/Modules/CMakeCXXCompilerABI.cpp]
  ignore line: [Using built-in specs.]
  ignore line: [COLLECT_GCC=/usr/bin/c++]
  ignore line: [Target: x86_64-redhat-linux]
  ignore line: [Configured with: ../configure --prefix=/usr --mandir=/usr/share/man --infodir=/usr/share/info --with-bugurl=http://bugzilla.redhat.com/bugzilla --enable-bootstrap --enable-shared --enable-threads=posix --enable-checking=release --with-system-zlib --enable-__cxa_atexit --disable-libunwind-exceptions --enable-gnu-unique-object --enable-linker-build-id --with-linker-hash-style=gnu --enable-languages=c,c++,objc,obj-c++,java,fortran,ada,go,lto --enable-plugin --enable-initfini-array --disable-libgcj --with-isl=/builddir/build/BUILD/gcc-4.8.5-20150702/obj-x86_64-redhat-linux/isl-install --with-cloog=/builddir/build/BUILD/gcc-4.8.5-20150702/obj-x86_64-redhat-linux/cloog-install --enable-gnu-indirect-function --with-tune=generic --with-arch_32=x86-64 --build=x86_64-redhat-linux]
  ignore line: [Thread model: posix]
  ignore line: [gcc version 4.8.5 20150623 (Red Hat 4.8.5-36) (GCC) ]
  ignore line: [COLLECT_GCC_OPTIONS='-v' '-o' 'CMakeFiles/cmTC_2a7be.dir/CMakeCXXCompilerABI.cpp.o' '-c' '-shared-libgcc' '-mtune=generic' '-march=x86-64']
  ignore line: [ /usr/libexec/gcc/x86_64-redhat-linux/4.8.5/cc1plus -quiet -v -D_GNU_SOURCE /usr/local/share/cmake-3.15/Modules/CMakeCXXCompilerABI.cpp -quiet -dumpbase CMakeCXXCompilerABI.cpp -mtune=generic -march=x86-64 -auxbase-strip CMakeFiles/cmTC_2a7be.dir/CMakeCXXCompilerABI.cpp.o -version -o /tmp/ccJpz7r3.s]
  ignore line: [GNU C++ (GCC) version 4.8.5 20150623 (Red Hat 4.8.5-36) (x86_64-redhat-linux)]
  ignore line: [	compiled by GNU C version 4.8.5 20150623 (Red Hat 4.8.5-36), GMP version 6.0.0, MPFR version 3.1.1, MPC version 1.0.1]
  ignore line: [GGC heuristics: --param ggc-min-expand=100 --param ggc-min-heapsize=131072]
  ignore line: [ignoring nonexistent directory "/usr/lib/gcc/x86_64-redhat-linux/4.8.5/include-fixed"]
  ignore line: [ignoring nonexistent directory "/usr/lib/gcc/x86_64-redhat-linux/4.8.5/../../../../x86_64-redhat-linux/include"]
  ignore line: [#include "..." search starts here:]
  ignore line: [#include <...> search starts here:]
  ignore line: [ /usr/lib/gcc/x86_64-redhat-linux/4.8.5/../../../../include/c++/4.8.5]
  ignore line: [ /usr/lib/gcc/x86_64-redhat-linux/4.8.5/../../../../include/c++/4.8.5/x86_64-redhat-linux]
  ignore line: [ /usr/lib/gcc/x86_64-redhat-linux/4.8.5/../../../../include/c++/4.8.5/backward]
  ignore line: [ /usr/lib/gcc/x86_64-redhat-linux/4.8.5/include]
  ignore line: [ /usr/local/include]
  ignore line: [ /usr/include]
  ignore line: [End of search list.]
  ignore line: [GNU C++ (GCC) version 4.8.5 20150623 (Red Hat 4.8.5-36) (x86_64-redhat-linux)]
  ignore line: [	compiled by GNU C version 4.8.5 20150623 (Red Hat 4.8.5-36), GMP version 6.0.0, MPFR version 3.1.1, MPC version 1.0.1]
  ignore line: [GGC heuristics: --param ggc-min-expand=100 --param ggc-min-heapsize=131072]
  ignore line: [Compiler executable checksum: 716696aeb8e1265fe923bf392b1dfb5e]
  ignore line: [COLLECT_GCC_OPTIONS='-v' '-o' 'CMakeFiles/cmTC_2a7be.dir/CMakeCXXCompilerABI.cpp.o' '-c' '-shared-libgcc' '-mtune=generic' '-march=x86-64']
  ignore line: [ as -v --64 -o CMakeFiles/cmTC_2a7be.dir/CMakeCXXCompilerABI.cpp.o /tmp/ccJpz7r3.s]
  ignore line: [GNU assembler version 2.27 (x86_64-redhat-linux) using BFD version version 2.27-34.base.el7]
  ignore line: [COMPILER_PATH=/usr/libexec/gcc/x86_64-redhat-linux/4.8.5/:/usr/libexec/gcc/x86_64-redhat-linux/4.8.5/:/usr/libexec/gcc/x86_64-redhat-linux/:/usr/lib/gcc/x86_64-redhat-linux/4.8.5/:/usr/lib/gcc/x86_64-redhat-linux/]
  ignore line: [LIBRARY_PATH=/usr/lib/gcc/x86_64-redhat-linux/4.8.5/:/usr/lib/gcc/x86_64-redhat-linux/4.8.5/../../../../lib64/:/lib/../lib64/:/usr/lib/../lib64/:/usr/lib/gcc/x86_64-redhat-linux/4.8.5/../../../:/lib/:/usr/lib/]
  ignore line: [COLLECT_GCC_OPTIONS='-v' '-o' 'CMakeFiles/cmTC_2a7be.dir/CMakeCXXCompilerABI.cpp.o' '-c' '-shared-libgcc' '-mtune=generic' '-march=x86-64']
  ignore line: [Linking CXX executable cmTC_2a7be]
  ignore line: [/usr/local/bin/cmake -E cmake_link_script CMakeFiles/cmTC_2a7be.dir/link.txt --verbose=1]
  ignore line: [/usr/bin/c++      -v -rdynamic CMakeFiles/cmTC_2a7be.dir/CMakeCXXCompilerABI.cpp.o  -o cmTC_2a7be ]
  ignore line: [Using built-in specs.]
  ignore line: [COLLECT_GCC=/usr/bin/c++]
  ignore line: [COLLECT_LTO_WRAPPER=/usr/libexec/gcc/x86_64-redhat-linux/4.8.5/lto-wrapper]
  ignore line: [Target: x86_64-redhat-linux]
  ignore line: [Configured with: ../configure --prefix=/usr --mandir=/usr/share/man --infodir=/usr/share/info --with-bugurl=http://bugzilla.redhat.com/bugzilla --enable-bootstrap --enable-shared --enable-threads=posix --enable-checking=release --with-system-zlib --enable-__cxa_atexit --disable-libunwind-exceptions --enable-gnu-unique-object --enable-linker-build-id --with-linker-hash-style=gnu --enable-languages=c,c++,objc,obj-c++,java,fortran,ada,go,lto --enable-plugin --enable-initfini-array --disable-libgcj --with-isl=/builddir/build/BUILD/gcc-4.8.5-20150702/obj-x86_64-redhat-linux/isl-install --with-cloog=/builddir/build/BUILD/gcc-4.8.5-20150702/obj-x86_64-redhat-linux/cloog-install --enable-gnu-indirect-function --with-tune=generic --with-arch_32=x86-64 --build=x86_64-redhat-linux]
  ignore line: [Thread model: posix]
  ignore line: [gcc version 4.8.5 20150623 (Red Hat 4.8.5-36) (GCC) ]
  ignore line: [COMPILER_PATH=/usr/libexec/gcc/x86_64-redhat-linux/4.8.5/:/usr/libexec/gcc/x86_64-redhat-linux/4.8.5/:/usr/libexec/gcc/x86_64-redhat-linux/:/usr/lib/gcc/x86_64-redhat-linux/4.8.5/:/usr/lib/gcc/x86_64-redhat-linux/]
  ignore line: [LIBRARY_PATH=/usr/lib/gcc/x86_64-redhat-linux/4.8.5/:/usr/lib/gcc/x86_64-redhat-linux/4.8.5/../../../../lib64/:/lib/../lib64/:/usr/lib/../lib64/:/usr/lib/gcc/x86_64-redhat-linux/4.8.5/../../../:/lib/:/usr/lib/]
  ignore line: [COLLECT_GCC_OPTIONS='-v' '-rdynamic' '-o' 'cmTC_2a7be' '-shared-libgcc' '-mtune=generic' '-march=x86-64']
  link line: [ /usr/libexec/gcc/x86_64-redhat-linux/4.8.5/collect2 --build-id --no-add-needed --eh-frame-hdr --hash-style=gnu -m elf_x86_64 -export-dynamic -dynamic-linker /lib64/ld-linux-x86-64.so.2 -o cmTC_2a7be /usr/lib/gcc/x86_64-redhat-linux/4.8.5/../../../../lib64/crt1.o /usr/lib/gcc/x86_64-redhat-linux/4.8.5/../../../../lib64/crti.o /usr/lib/gcc/x86_64-redhat-linux/4.8.5/crtbegin.o -L/usr/lib/gcc/x86_64-redhat-linux/4.8.5 -L/usr/lib/gcc/x86_64-redhat-linux/4.8.5/../../../../lib64 -L/lib/../lib64 -L/usr/lib/../lib64 -L/usr/lib/gcc/x86_64-redhat-linux/4.8.5/../../.. CMakeFiles/cmTC_2a7be.dir/CMakeCXXCompilerABI.cpp.o -lstdc++ -lm -lgcc_s -lgcc -lc -lgcc_s -lgcc /usr/lib/gcc/x86_64-redhat-linux/4.8.5/crtend.o /usr/lib/gcc/x86_64-redhat-linux/4.8.5/../../../../lib64/crtn.o]
    arg [/usr/libexec/gcc/x86_64-redhat-linux/4.8.5/collect2] ==> ignore
    arg [--build-id] ==> ignore
    arg [--no-add-needed] ==> ignore
    arg [--eh-frame-hdr] ==> ignore
    arg [--hash-style=gnu] ==> ignore
    arg [-m] ==> ignore
    arg [elf_x86_64] ==> ignore
    arg [-export-dynamic] ==> ignore
    arg [-dynamic-linker] ==> ignore
    arg [/lib64/ld-linux-x86-64.so.2] ==> ignore
    arg [-o] ==> ignore
    arg [cmTC_2a7be] ==> ignore
    arg [/usr/lib/gcc/x86_64-redhat-linux/4.8.5/../../../../lib64/crt1.o] ==> ignore
    arg [/usr/lib/gcc/x86_64-redhat-linux/4.8.5/../../../../lib64/crti.o] ==> ignore
    arg [/usr/lib/gcc/x86_64-redhat-linux/4.8.5/crtbegin.o] ==> ignore
    arg [-L/usr/lib/gcc/x86_64-redhat-linux/4.8.5] ==> dir [/usr/lib/gcc/x86_64-redhat-linux/4.8.5]
    arg [-L/usr/lib/gcc/x86_64-redhat-linux/4.8.5/../../../../lib64] ==> dir [/usr/lib/gcc/x86_64-redhat-linux/4.8.5/../../../../lib64]
    arg [-L/lib/../lib64] ==> dir [/lib/../lib64]
    arg [-L/usr/lib/../lib64] ==> dir [/usr/lib/../lib64]
    arg [-L/usr/lib/gcc/x86_64-redhat-linux/4.8.5/../../..] ==> dir [/usr/lib/gcc/x86_64-redhat-linux/4.8.5/../../..]
    arg [CMakeFiles/cmTC_2a7be.dir/CMakeCXXCompilerABI.cpp.o] ==> ignore
    arg [-lstdc++] ==> lib [stdc++]
    arg [-lm] ==> lib [m]
    arg [-lgcc_s] ==> lib [gcc_s]
    arg [-lgcc] ==> lib [gcc]
    arg [-lc] ==> lib [c]
    arg [-lgcc_s] ==> lib [gcc_s]
    arg [-lgcc] ==> lib [gcc]
    arg [/usr/lib/gcc/x86_64-redhat-linux/4.8.5/crtend.o] ==> ignore
    arg [/usr/lib/gcc/x86_64-redhat-linux/4.8.5/../../../../lib64/crtn.o] ==> ignore
  collapse library dir [/usr/lib/gcc/x86_64-redhat-linux/4.8.5] ==> [/usr/lib/gcc/x86_64-redhat-linux/4.8.5]
  collapse library dir [/usr/lib/gcc/x86_64-redhat-linux/4.8.5/../../../../lib64] ==> [/usr/lib64]
  collapse library dir [/lib/../lib64] ==> [/lib64]
  collapse library dir [/usr/lib/../lib64] ==> [/usr/lib64]
  collapse library dir [/usr/lib/gcc/x86_64-redhat-linux/4.8.5/../../..] ==> [/usr/lib]
  implicit libs: [stdc++;m;gcc_s;gcc;c;gcc_s;gcc]
  implicit dirs: [/usr/lib/gcc/x86_64-redhat-linux/4.8.5;/usr/lib64;/lib64;/usr/lib]
  implicit fwks: []




Detecting CXX [-std=c++1y] compiler features compiled with the following output:
Change Dir: /home/pingcap/wujiayu/remote/titan/cmake-build-release-idc/CMakeFiles/CMakeTmp

Run Build Command(s):/usr/bin/gmake cmTC_0f659/fast && /usr/bin/gmake -f CMakeFiles/cmTC_0f659.dir/build.make CMakeFiles/cmTC_0f659.dir/build
gmake[1]: Entering directory `/home/pingcap/wujiayu/remote/titan/cmake-build-release-idc/CMakeFiles/CMakeTmp'
Building CXX object CMakeFiles/cmTC_0f659.dir/feature_tests.cxx.o
/usr/bin/c++    -std=c++1y -o CMakeFiles/cmTC_0f659.dir/feature_tests.cxx.o -c /home/pingcap/wujiayu/remote/titan/cmake-build-release-idc/CMakeFiles/feature_tests.cxx
Linking CXX executable cmTC_0f659
/usr/local/bin/cmake -E cmake_link_script CMakeFiles/cmTC_0f659.dir/link.txt --verbose=1
/usr/bin/c++       -rdynamic CMakeFiles/cmTC_0f659.dir/feature_tests.cxx.o  -o cmTC_0f659 
gmake[1]: Leaving directory `/home/pingcap/wujiayu/remote/titan/cmake-build-release-idc/CMakeFiles/CMakeTmp'



    Feature record: CXX_FEATURE:1cxx_template_template_parameters
    Feature record: CXX_FEATURE:1cxx_alias_templates
    Feature record: CXX_FEATURE:1cxx_alignas
    Feature record: CXX_FEATURE:1cxx_alignof
    Feature record: CXX_FEATURE:1cxx_attributes
    Feature record: CXX_FEATURE:1cxx_auto_type
    Feature record: CXX_FEATURE:1cxx_constexpr
    Feature record: CXX_FEATURE:1cxx_decltype
    Feature record: CXX_FEATURE:1cxx_decltype_incomplete_return_types
    Feature record: CXX_FEATURE:1cxx_default_function_template_args
    Feature record: CXX_FEATURE:1cxx_defaulted_functions
    Feature record: CXX_FEATURE:1cxx_defaulted_move_initializers
    Feature record: CXX_FEATURE:1cxx_delegating_constructors
    Feature record: CXX_FEATURE:1cxx_deleted_functions
    Feature record: CXX_FEATURE:1cxx_enum_forward_declarations
    Feature record: CXX_FEATURE:1cxx_explicit_conversions
    Feature record: CXX_FEATURE:1cxx_extended_friend_declarations
    Feature record: CXX_FEATURE:1cxx_extern_templates
    Feature record: CXX_FEATURE:1cxx_final
    Feature record: CXX_FEATURE:1cxx_func_identifier
    Feature record: CXX_FEATURE:1cxx_generalized_initializers
    Feature record: CXX_FEATURE:1cxx_inheriting_constructors
    Feature record: CXX_FEATURE:1cxx_inline_namespaces
    Feature record: CXX_FEATURE:1cxx_lambdas
    Feature record: CXX_FEATURE:1cxx_local_type_template_args
    Feature record: CXX_FEATURE:1cxx_long_long_type
    Feature record: CXX_FEATURE:1cxx_noexcept
    Feature record: CXX_FEATURE:1cxx_nonstatic_member_init
    Feature record: CXX_FEATURE:1cxx_nullptr
    Feature record: CXX_FEATURE:1cxx_override
    Feature record: CXX_FEATURE:1cxx_range_for
    Feature record: CXX_FEATURE:1cxx_raw_string_literals
    Feature record: CXX_FEATURE:1cxx_reference_qualified_functions
    Feature record: CXX_FEATURE:1cxx_right_angle_brackets
    Feature record: CXX_FEATURE:1cxx_rvalue_references
    Feature record: CXX_FEATURE:1cxx_sizeof_member
    Feature record: CXX_FEATURE:1cxx_static_assert
    Feature record: CXX_FEATURE:1cxx_strong_enums
    Feature record: CXX_FEATURE:1cxx_thread_local
    Feature record: CXX_FEATURE:1cxx_trailing_return_types
    Feature record: CXX_FEATURE:1cxx_unicode_literals
    Feature record: CXX_FEATURE:1cxx_uniform_initialization
    Feature record: CXX_FEATURE:1cxx_unrestricted_unions
    Feature record: CXX_FEATURE:1cxx_user_literals
    Feature record: CXX_FEATURE:1cxx_variadic_macros
    Feature record: CXX_FEATURE:1cxx_variadic_templates
    Feature record: CXX_FEATURE:0cxx_aggregate_default_initializers
    Feature record: CXX_FEATURE:0cxx_attribute_deprecated
    Feature record: CXX_FEATURE:0cxx_binary_literals
    Feature record: CXX_FEATURE:0cxx_contextual_conversions
    Feature record: CXX_FEATURE:0cxx_decltype_auto
    Feature record: CXX_FEATURE:0cxx_digit_separators
    Feature record: CXX_FEATURE:0cxx_generic_lambdas
    Feature record: CXX_FEATURE:0cxx_lambda_init_captures
    Feature record: CXX_FEATURE:0cxx_relaxed_constexpr
    Feature record: CXX_FEATURE:0cxx_return_type_deduction
    Feature record: CXX_FEATURE:0cxx_variable_templates
Performing C++ SOURCE FILE Test HAVE_OMIT_LEAF_FRAME_POINTER succeeded with the following output:
Change Dir: /home/pingcap/wujiayu/remote/titan/cmake-build-release-idc/CMakeFiles/CMakeTmp

Run Build Command(s):/usr/bin/gmake cmTC_e3e62/fast && /usr/bin/gmake -f CMakeFiles/cmTC_e3e62.dir/build.make CMakeFiles/cmTC_e3e62.dir/build
gmake[1]: Entering directory `/home/pingcap/wujiayu/remote/titan/cmake-build-release-idc/CMakeFiles/CMakeTmp'
Building CXX object CMakeFiles/cmTC_e3e62.dir/src.cxx.o
/usr/bin/c++    -W -Wextra -Wall -Wsign-compare -Wshadow -Wno-unused-parameter -Wno-unused-variable -Woverloaded-virtual -Wnon-virtual-dtor -Wno-missing-field-initializers -Wno-strict-aliasing -std=c++11 -fno-omit-frame-pointer -DHAVE_OMIT_LEAF_FRAME_POINTER   -momit-leaf-frame-pointer -o CMakeFiles/cmTC_e3e62.dir/src.cxx.o -c /home/pingcap/wujiayu/remote/titan/cmake-build-release-idc/CMakeFiles/CMakeTmp/src.cxx
Linking CXX executable cmTC_e3e62
/usr/local/bin/cmake -E cmake_link_script CMakeFiles/cmTC_e3e62.dir/link.txt --verbose=1
/usr/bin/c++   -W -Wextra -Wall -Wsign-compare -Wshadow -Wno-unused-parameter -Wno-unused-variable -Woverloaded-virtual -Wnon-virtual-dtor -Wno-missing-field-initializers -Wno-strict-aliasing -std=c++11 -fno-omit-frame-pointer -DHAVE_OMIT_LEAF_FRAME_POINTER    -rdynamic CMakeFiles/cmTC_e3e62.dir/src.cxx.o  -o cmTC_e3e62 
gmake[1]: Leaving directory `/home/pingcap/wujiayu/remote/titan/cmake-build-release-idc/CMakeFiles/CMakeTmp'


Source file was:
int main() { return 0; }
Performing C++ SOURCE FILE Test HAVE_SSE42 succeeded with the following output:
Change Dir: /home/pingcap/wujiayu/remote/titan/cmake-build-release-idc/CMakeFiles/CMakeTmp

Run Build Command(s):/usr/bin/gmake cmTC_3e282/fast && /usr/bin/gmake -f CMakeFiles/cmTC_3e282.dir/build.make CMakeFiles/cmTC_3e282.dir/build
gmake[1]: Entering directory `/home/pingcap/wujiayu/remote/titan/cmake-build-release-idc/CMakeFiles/CMakeTmp'
Building CXX object CMakeFiles/cmTC_3e282.dir/src.cxx.o
/usr/bin/c++    -W -Wextra -Wall -Wsign-compare -Wshadow -Wno-unused-parameter -Wno-unused-variable -Woverloaded-virtual -Wnon-virtual-dtor -Wno-missing-field-initializers -Wno-strict-aliasing -std=c++11 -fno-omit-frame-pointer -momit-leaf-frame-pointer -march=native -DHAVE_SSE42 -msse4.2 -mpclmul   -o CMakeFiles/cmTC_3e282.dir/src.cxx.o -c /home/pingcap/wujiayu/remote/titan/cmake-build-release-idc/CMakeFiles/CMakeTmp/src.cxx
Linking CXX executable cmTC_3e282
/usr/local/bin/cmake -E cmake_link_script CMakeFiles/cmTC_3e282.dir/link.txt --verbose=1
/usr/bin/c++   -W -Wextra -Wall -Wsign-compare -Wshadow -Wno-unused-parameter -Wno-unused-variable -Woverloaded-virtual -Wnon-virtual-dtor -Wno-missing-field-initializers -Wno-strict-aliasing -std=c++11 -fno-omit-frame-pointer -momit-leaf-frame-pointer -march=native -DHAVE_SSE42 -msse4.2 -mpclmul    -rdynamic CMakeFiles/cmTC_3e282.dir/src.cxx.o  -o cmTC_3e282 
gmake[1]: Leaving directory `/home/pingcap/wujiayu/remote/titan/cmake-build-release-idc/CMakeFiles/CMakeTmp'


Source file was:

#include <cstdint>
#include <nmmintrin.h>
#include <wmmintrin.h>
int main() {
  volatile uint32_t x = _mm_crc32_u32(0, 0);
  const auto a = _mm_set_epi64x(0, 0);
  const auto b = _mm_set_epi64x(0, 0);
  const auto c = _mm_clmulepi64_si128(a, b, 0x00);
  auto d = _mm_cvtsi128_si64(c);
}

Performing C++ SOURCE FILE Test HAVE_THREAD_LOCAL succeeded with the following output:
Change Dir: /home/pingcap/wujiayu/remote/titan/cmake-build-release-idc/CMakeFiles/CMakeTmp

Run Build Command(s):/usr/bin/gmake cmTC_0151c/fast && /usr/bin/gmake -f CMakeFiles/cmTC_0151c.dir/build.make CMakeFiles/cmTC_0151c.dir/build
gmake[1]: Entering directory `/home/pingcap/wujiayu/remote/titan/cmake-build-release-idc/CMakeFiles/CMakeTmp'
Building CXX object CMakeFiles/cmTC_0151c.dir/src.cxx.o
/usr/bin/c++    -W -Wextra -Wall -Wsign-compare -Wshadow -Wno-unused-parameter -Wno-unused-variable -Woverloaded-virtual -Wnon-virtual-dtor -Wno-missing-field-initializers -Wno-strict-aliasing -std=c++11 -fno-omit-frame-pointer -momit-leaf-frame-pointer -march=native -DHAVE_THREAD_LOCAL   -o CMakeFiles/cmTC_0151c.dir/src.cxx.o -c /home/pingcap/wujiayu/remote/titan/cmake-build-release-idc/CMakeFiles/CMakeTmp/src.cxx
Linking CXX executable cmTC_0151c
/usr/local/bin/cmake -E cmake_link_script CMakeFiles/cmTC_0151c.dir/link.txt --verbose=1
/usr/bin/c++   -W -Wextra -Wall -Wsign-compare -Wshadow -Wno-unused-parameter -Wno-unused-variable -Woverloaded-virtual -Wnon-virtual-dtor -Wno-missing-field-initializers -Wno-strict-aliasing -std=c++11 -fno-omit-frame-pointer -momit-leaf-frame-pointer -march=native -DHAVE_THREAD_LOCAL    -rdynamic CMakeFiles/cmTC_0151c.dir/src.cxx.o  -o cmTC_0151c 
gmake[1]: Leaving directory `/home/pingcap/wujiayu/remote/titan/cmake-build-release-idc/CMakeFiles/CMakeTmp'


Source file was:

#if defined(_MSC_VER) && !defined(__thread)
#define __thread __declspec(thread)
#endif
int main() {
  static __thread int tls;
}

Performing C++ SOURCE FILE Test HAVE_FALLOCATE succeeded with the following output:
Change Dir: /home/pingcap/wujiayu/remote/titan/cmake-build-release-idc/CMakeFiles/CMakeTmp

Run Build Command(s):/usr/bin/gmake cmTC_fdb10/fast && /usr/bin/gmake -f CMakeFiles/cmTC_fdb10.dir/build.make CMakeFiles/cmTC_fdb10.dir/build
gmake[1]: Entering directory `/home/pingcap/wujiayu/remote/titan/cmake-build-release-idc/CMakeFiles/CMakeTmp'
Building CXX object CMakeFiles/cmTC_fdb10.dir/src.cxx.o
/usr/bin/c++    -W -Wextra -Wall -Wsign-compare -Wshadow -Wno-unused-parameter -Wno-unused-variable -Woverloaded-virtual -Wnon-virtual-dtor -Wno-missing-field-initializers -Wno-strict-aliasing -std=c++11 -fno-omit-frame-pointer -momit-leaf-frame-pointer -march=native -Werror -fno-builtin-memcmp -DHAVE_FALLOCATE   -o CMakeFiles/cmTC_fdb10.dir/src.cxx.o -c /home/pingcap/wujiayu/remote/titan/cmake-build-release-idc/CMakeFiles/CMakeTmp/src.cxx
Linking CXX executable cmTC_fdb10
/usr/local/bin/cmake -E cmake_link_script CMakeFiles/cmTC_fdb10.dir/link.txt --verbose=1
/usr/bin/c++   -W -Wextra -Wall -Wsign-compare -Wshadow -Wno-unused-parameter -Wno-unused-variable -Woverloaded-virtual -Wnon-virtual-dtor -Wno-missing-field-initializers -Wno-strict-aliasing -std=c++11 -fno-omit-frame-pointer -momit-leaf-frame-pointer -march=native -Werror -fno-builtin-memcmp -DHAVE_FALLOCATE    -rdynamic CMakeFiles/cmTC_fdb10.dir/src.cxx.o  -o cmTC_fdb10 
gmake[1]: Leaving directory `/home/pingcap/wujiayu/remote/titan/cmake-build-release-idc/CMakeFiles/CMakeTmp'


Source file was:

#include <fcntl.h>
#include <linux/falloc.h>
int main() {
 int fd = open("/dev/null", 0);
 fallocate(fd, FALLOC_FL_KEEP_SIZE | FALLOC_FL_PUNCH_HOLE, 0, 1024);
}

Performing C++ SOURCE FILE Test HAVE_SYNC_FILE_RANGE_WRITE succeeded with the following output:
Change Dir: /home/pingcap/wujiayu/remote/titan/cmake-build-release-idc/CMakeFiles/CMakeTmp

Run Build Command(s):/usr/bin/gmake cmTC_2f40a/fast && /usr/bin/gmake -f CMakeFiles/cmTC_2f40a.dir/build.make CMakeFiles/cmTC_2f40a.dir/build
gmake[1]: Entering directory `/home/pingcap/wujiayu/remote/titan/cmake-build-release-idc/CMakeFiles/CMakeTmp'
Building CXX object CMakeFiles/cmTC_2f40a.dir/src.cxx.o
/usr/bin/c++    -W -Wextra -Wall -Wsign-compare -Wshadow -Wno-unused-parameter -Wno-unused-variable -Woverloaded-virtual -Wnon-virtual-dtor -Wno-missing-field-initializers -Wno-strict-aliasing -std=c++11 -fno-omit-frame-pointer -momit-leaf-frame-pointer -march=native -Werror -fno-builtin-memcmp -DHAVE_SYNC_FILE_RANGE_WRITE   -o CMakeFiles/cmTC_2f40a.dir/src.cxx.o -c /home/pingcap/wujiayu/remote/titan/cmake-build-release-idc/CMakeFiles/CMakeTmp/src.cxx
Linking CXX executable cmTC_2f40a
/usr/local/bin/cmake -E cmake_link_script CMakeFiles/cmTC_2f40a.dir/link.txt --verbose=1
/usr/bin/c++   -W -Wextra -Wall -Wsign-compare -Wshadow -Wno-unused-parameter -Wno-unused-variable -Woverloaded-virtual -Wnon-virtual-dtor -Wno-missing-field-initializers -Wno-strict-aliasing -std=c++11 -fno-omit-frame-pointer -momit-leaf-frame-pointer -march=native -Werror -fno-builtin-memcmp -DHAVE_SYNC_FILE_RANGE_WRITE    -rdynamic CMakeFiles/cmTC_2f40a.dir/src.cxx.o  -o cmTC_2f40a 
gmake[1]: Leaving directory `/home/pingcap/wujiayu/remote/titan/cmake-build-release-idc/CMakeFiles/CMakeTmp'


Source file was:

#include <fcntl.h>
int main() {
  int fd = open("/dev/null", 0);
  sync_file_range(fd, 0, 1024, SYNC_FILE_RANGE_WRITE);
}

Performing C++ SOURCE FILE Test HAVE_PTHREAD_MUTEX_ADAPTIVE_NP succeeded with the following output:
Change Dir: /home/pingcap/wujiayu/remote/titan/cmake-build-release-idc/CMakeFiles/CMakeTmp

Run Build Command(s):/usr/bin/gmake cmTC_df9a2/fast && /usr/bin/gmake -f CMakeFiles/cmTC_df9a2.dir/build.make CMakeFiles/cmTC_df9a2.dir/build
gmake[1]: Entering directory `/home/pingcap/wujiayu/remote/titan/cmake-build-release-idc/CMakeFiles/CMakeTmp'
Building CXX object CMakeFiles/cmTC_df9a2.dir/src.cxx.o
/usr/bin/c++    -W -Wextra -Wall -Wsign-compare -Wshadow -Wno-unused-parameter -Wno-unused-variable -Woverloaded-virtual -Wnon-virtual-dtor -Wno-missing-field-initializers -Wno-strict-aliasing -std=c++11 -fno-omit-frame-pointer -momit-leaf-frame-pointer -march=native -Werror -fno-builtin-memcmp -DHAVE_PTHREAD_MUTEX_ADAPTIVE_NP   -o CMakeFiles/cmTC_df9a2.dir/src.cxx.o -c /home/pingcap/wujiayu/remote/titan/cmake-build-release-idc/CMakeFiles/CMakeTmp/src.cxx
Linking CXX executable cmTC_df9a2
/usr/local/bin/cmake -E cmake_link_script CMakeFiles/cmTC_df9a2.dir/link.txt --verbose=1
/usr/bin/c++   -W -Wextra -Wall -Wsign-compare -Wshadow -Wno-unused-parameter -Wno-unused-variable -Woverloaded-virtual -Wnon-virtual-dtor -Wno-missing-field-initializers -Wno-strict-aliasing -std=c++11 -fno-omit-frame-pointer -momit-leaf-frame-pointer -march=native -Werror -fno-builtin-memcmp -DHAVE_PTHREAD_MUTEX_ADAPTIVE_NP    -rdynamic CMakeFiles/cmTC_df9a2.dir/src.cxx.o  -o cmTC_df9a2 
gmake[1]: Leaving directory `/home/pingcap/wujiayu/remote/titan/cmake-build-release-idc/CMakeFiles/CMakeTmp'


Source file was:

#include <pthread.h>
int main() {
  (void) PTHREAD_MUTEX_ADAPTIVE_NP;
}

Determining if the malloc_usable_size exist passed with the following output:
Change Dir: /home/pingcap/wujiayu/remote/titan/cmake-build-release-idc/CMakeFiles/CMakeTmp

Run Build Command(s):/usr/bin/gmake cmTC_9dde3/fast && /usr/bin/gmake -f CMakeFiles/cmTC_9dde3.dir/build.make CMakeFiles/cmTC_9dde3.dir/build
gmake[1]: Entering directory `/home/pingcap/wujiayu/remote/titan/cmake-build-release-idc/CMakeFiles/CMakeTmp'
Building CXX object CMakeFiles/cmTC_9dde3.dir/CheckSymbolExists.cxx.o
/usr/bin/c++    -W -Wextra -Wall -Wsign-compare -Wshadow -Wno-unused-parameter -Wno-unused-variable -Woverloaded-virtual -Wnon-virtual-dtor -Wno-missing-field-initializers -Wno-strict-aliasing -std=c++11 -fno-omit-frame-pointer -momit-leaf-frame-pointer -march=native -Werror -fno-builtin-memcmp    -o CMakeFiles/cmTC_9dde3.dir/CheckSymbolExists.cxx.o -c /home/pingcap/wujiayu/remote/titan/cmake-build-release-idc/CMakeFiles/CMakeTmp/CheckSymbolExists.cxx
Linking CXX executable cmTC_9dde3
/usr/local/bin/cmake -E cmake_link_script CMakeFiles/cmTC_9dde3.dir/link.txt --verbose=1
/usr/bin/c++   -W -Wextra -Wall -Wsign-compare -Wshadow -Wno-unused-parameter -Wno-unused-variable -Woverloaded-virtual -Wnon-virtual-dtor -Wno-missing-field-initializers -Wno-strict-aliasing -std=c++11 -fno-omit-frame-pointer -momit-leaf-frame-pointer -march=native -Werror -fno-builtin-memcmp     -rdynamic CMakeFiles/cmTC_9dde3.dir/CheckSymbolExists.cxx.o  -o cmTC_9dde3 
gmake[1]: Leaving directory `/home/pingcap/wujiayu/remote/titan/cmake-build-release-idc/CMakeFiles/CMakeTmp'


File /home/pingcap/wujiayu/remote/titan/cmake-build-release-idc/CMakeFiles/CMakeTmp/CheckSymbolExists.cxx:
/* */
#include <malloc.h>

int main(int argc, char** argv)
{
  (void)argv;
#ifndef malloc_usable_size
  return ((int*)(&malloc_usable_size))[argc];
#else
  (void)argc;
  return 0;
#endif
}

Determining if the sched_getcpu exist passed with the following output:
Change Dir: /home/pingcap/wujiayu/remote/titan/cmake-build-release-idc/CMakeFiles/CMakeTmp

Run Build Command(s):/usr/bin/gmake cmTC_75499/fast && /usr/bin/gmake -f CMakeFiles/cmTC_75499.dir/build.make CMakeFiles/cmTC_75499.dir/build
gmake[1]: Entering directory `/home/pingcap/wujiayu/remote/titan/cmake-build-release-idc/CMakeFiles/CMakeTmp'
Building CXX object CMakeFiles/cmTC_75499.dir/CheckSymbolExists.cxx.o
/usr/bin/c++    -W -Wextra -Wall -Wsign-compare -Wshadow -Wno-unused-parameter -Wno-unused-variable -Woverloaded-virtual -Wnon-virtual-dtor -Wno-missing-field-initializers -Wno-strict-aliasing -std=c++11 -fno-omit-frame-pointer -momit-leaf-frame-pointer -march=native -Werror -fno-builtin-memcmp    -o CMakeFiles/cmTC_75499.dir/CheckSymbolExists.cxx.o -c /home/pingcap/wujiayu/remote/titan/cmake-build-release-idc/CMakeFiles/CMakeTmp/CheckSymbolExists.cxx
Linking CXX executable cmTC_75499
/usr/local/bin/cmake -E cmake_link_script CMakeFiles/cmTC_75499.dir/link.txt --verbose=1
/usr/bin/c++   -W -Wextra -Wall -Wsign-compare -Wshadow -Wno-unused-parameter -Wno-unused-variable -Woverloaded-virtual -Wnon-virtual-dtor -Wno-missing-field-initializers -Wno-strict-aliasing -std=c++11 -fno-omit-frame-pointer -momit-leaf-frame-pointer -march=native -Werror -fno-builtin-memcmp     -rdynamic CMakeFiles/cmTC_75499.dir/CheckSymbolExists.cxx.o  -o cmTC_75499 
gmake[1]: Leaving directory `/home/pingcap/wujiayu/remote/titan/cmake-build-release-idc/CMakeFiles/CMakeTmp'


File /home/pingcap/wujiayu/remote/titan/cmake-build-release-idc/CMakeFiles/CMakeTmp/CheckSymbolExists.cxx:
/* */
#include <sched.h>

int main(int argc, char** argv)
{
  (void)argv;
#ifndef sched_getcpu
  return ((int*)(&sched_getcpu))[argc];
#else
  (void)argc;
  return 0;
#endif
}

Checking whether the ASM compiler is GNU using "--version" matched "(GNU assembler)|(GCC)|(Free Software Foundation)":
cc (GCC) 4.8.5 20150623 (Red Hat 4.8.5-36)
Copyright (C) 2015 Free Software Foundation, Inc.
This is free software; see the source for copying conditions.  There is NO
warranty; not even for MERCHANTABILITY or FITNESS FOR A PARTICULAR PURPOSE.

Determining if the include file pthread.h exists passed with the following output:
Change Dir: /home/pingcap/wujiayu/remote/titan/cmake-build-release-idc/CMakeFiles/CMakeTmp

Run Build Command(s):/usr/bin/gmake cmTC_eaf6c/fast && /usr/bin/gmake -f CMakeFiles/cmTC_eaf6c.dir/build.make CMakeFiles/cmTC_eaf6c.dir/build
gmake[1]: Entering directory `/home/pingcap/wujiayu/remote/titan/cmake-build-release-idc/CMakeFiles/CMakeTmp'
Building C object CMakeFiles/cmTC_eaf6c.dir/CheckIncludeFile.c.o
/usr/bin/cc    -o CMakeFiles/cmTC_eaf6c.dir/CheckIncludeFile.c.o   -c /home/pingcap/wujiayu/remote/titan/cmake-build-release-idc/CMakeFiles/CMakeTmp/CheckIncludeFile.c
Linking C executable cmTC_eaf6c
/usr/local/bin/cmake -E cmake_link_script CMakeFiles/cmTC_eaf6c.dir/link.txt --verbose=1
/usr/bin/cc      -rdynamic CMakeFiles/cmTC_eaf6c.dir/CheckIncludeFile.c.o  -o cmTC_eaf6c 
gmake[1]: Leaving directory `/home/pingcap/wujiayu/remote/titan/cmake-build-release-idc/CMakeFiles/CMakeTmp'



Determining if the function pthread_create exists in the pthread passed with the following output:
Change Dir: /home/pingcap/wujiayu/remote/titan/cmake-build-release-idc/CMakeFiles/CMakeTmp

Run Build Command(s):/usr/bin/gmake cmTC_5b31c/fast && /usr/bin/gmake -f CMakeFiles/cmTC_5b31c.dir/build.make CMakeFiles/cmTC_5b31c.dir/build
gmake[1]: Entering directory `/home/pingcap/wujiayu/remote/titan/cmake-build-release-idc/CMakeFiles/CMakeTmp'
Building C object CMakeFiles/cmTC_5b31c.dir/CheckFunctionExists.c.o
/usr/bin/cc   -DCHECK_FUNCTION_EXISTS=pthread_create   -o CMakeFiles/cmTC_5b31c.dir/CheckFunctionExists.c.o   -c /usr/local/share/cmake-3.15/Modules/CheckFunctionExists.c
Linking C executable cmTC_5b31c
/usr/local/bin/cmake -E cmake_link_script CMakeFiles/cmTC_5b31c.dir/link.txt --verbose=1
/usr/bin/cc  -DCHECK_FUNCTION_EXISTS=pthread_create    -rdynamic CMakeFiles/cmTC_5b31c.dir/CheckFunctionExists.c.o  -o cmTC_5b31c -lpthread 
gmake[1]: Leaving directory `/home/pingcap/wujiayu/remote/titan/cmake-build-release-idc/CMakeFiles/CMakeTmp'



