Performing C SOURCE FILE Test CMAKE_HAVE_LIBC_PTHREAD failed with the following output:
Change Dir: /home/pingcap/wujiayu/remote/titan/cmake-build-release-idc/CMakeFiles/CMakeTmp

Run Build Command(s):/usr/bin/gmake cmTC_efc91/fast && /usr/bin/gmake -f CMakeFiles/cmTC_efc91.dir/build.make CMakeFiles/cmTC_efc91.dir/build
gmake[1]: Entering directory `/home/pingcap/wujiayu/remote/titan/cmake-build-release-idc/CMakeFiles/CMakeTmp'
Building C object CMakeFiles/cmTC_efc91.dir/src.c.o
/usr/bin/cc   -DCMAKE_HAVE_LIBC_PTHREAD   -o CMakeFiles/cmTC_efc91.dir/src.c.o   -c /home/pingcap/wujiayu/remote/titan/cmake-build-release-idc/CMakeFiles/CMakeTmp/src.c
Linking C executable cmTC_efc91
/usr/local/bin/cmake -E cmake_link_script CMakeFiles/cmTC_efc91.dir/link.txt --verbose=1
/usr/bin/cc  -DCMAKE_HAVE_LIBC_PTHREAD    -rdynamic CMakeFiles/cmTC_efc91.dir/src.c.o  -o cmTC_efc91 
CMakeFiles/cmTC_efc91.dir/src.c.o: In function `main':
src.c:(.text+0x2d): undefined reference to `pthread_create'
src.c:(.text+0x39): undefined reference to `pthread_detach'
src.c:(.text+0x4a): undefined reference to `pthread_join'
src.c:(.text+0x5e): undefined reference to `pthread_atfork'
collect2: error: ld returned 1 exit status
gmake[1]: *** [cmTC_efc91] Error 1
gmake[1]: Leaving directory `/home/pingcap/wujiayu/remote/titan/cmake-build-release-idc/CMakeFiles/CMakeTmp'
gmake: *** [cmTC_efc91/fast] Error 2


Source file was:
#include <pthread.h>

void* test_func(void* data)
{
  return data;
}

int main(void)
{
  pthread_t thread;
  pthread_create(&thread, NULL, test_func, NULL);
  pthread_detach(thread);
  pthread_join(thread, NULL);
  pthread_atfork(NULL, NULL, NULL);
  pthread_exit(NULL);

  return 0;
}

Determining if the function pthread_create exists in the pthreads failed with the following output:
Change Dir: /home/pingcap/wujiayu/remote/titan/cmake-build-release-idc/CMakeFiles/CMakeTmp

Run Build Command(s):/usr/bin/gmake cmTC_6c86d/fast && /usr/bin/gmake -f CMakeFiles/cmTC_6c86d.dir/build.make CMakeFiles/cmTC_6c86d.dir/build
gmake[1]: Entering directory `/home/pingcap/wujiayu/remote/titan/cmake-build-release-idc/CMakeFiles/CMakeTmp'
Building C object CMakeFiles/cmTC_6c86d.dir/CheckFunctionExists.c.o
/usr/bin/cc   -DCHECK_FUNCTION_EXISTS=pthread_create   -o CMakeFiles/cmTC_6c86d.dir/CheckFunctionExists.c.o   -c /usr/local/share/cmake-3.15/Modules/CheckFunctionExists.c
Linking C executable cmTC_6c86d
/usr/local/bin/cmake -E cmake_link_script CMakeFiles/cmTC_6c86d.dir/link.txt --verbose=1
/usr/bin/cc  -DCHECK_FUNCTION_EXISTS=pthread_create    -rdynamic CMakeFiles/cmTC_6c86d.dir/CheckFunctionExists.c.o  -o cmTC_6c86d -lpthreads 
/usr/bin/ld: cannot find -lpthreads
collect2: error: ld returned 1 exit status
gmake[1]: *** [cmTC_6c86d] Error 1
gmake[1]: Leaving directory `/home/pingcap/wujiayu/remote/titan/cmake-build-release-idc/CMakeFiles/CMakeTmp'
gmake: *** [cmTC_6c86d/fast] Error 2



